c:\users\adam\documents\git repo\skolarbete\oop_labbar\gscept-lab5\exts\debug\libraries.pdb
c:\users\adam\documents\git repo\skolarbete\oop_labbar\gscept-lab5\exts\debug\libraries.idb
c:\users\adam\documents\git repo\skolarbete\oop_labbar\gscept-lab5\exts\debug\winmm_joystick.obj
c:\users\adam\documents\git repo\skolarbete\oop_labbar\gscept-lab5\exts\debug\window.obj
c:\users\adam\documents\git repo\skolarbete\oop_labbar\gscept-lab5\exts\debug\win32_window.obj
c:\users\adam\documents\git repo\skolarbete\oop_labbar\gscept-lab5\exts\debug\win32_tls.obj
c:\users\adam\documents\git repo\skolarbete\oop_labbar\gscept-lab5\exts\debug\win32_time.obj
c:\users\adam\documents\git repo\skolarbete\oop_labbar\gscept-lab5\exts\debug\win32_monitor.obj
c:\users\adam\documents\git repo\skolarbete\oop_labbar\gscept-lab5\exts\debug\win32_init.obj
c:\users\adam\documents\git repo\skolarbete\oop_labbar\gscept-lab5\exts\debug\wgl_context.obj
c:\users\adam\documents\git repo\skolarbete\oop_labbar\gscept-lab5\exts\debug\monitor.obj
c:\users\adam\documents\git repo\skolarbete\oop_labbar\gscept-lab5\exts\debug\input.obj
c:\users\adam\documents\git repo\skolarbete\oop_labbar\gscept-lab5\exts\debug\init.obj
c:\users\adam\documents\git repo\skolarbete\oop_labbar\gscept-lab5\exts\debug\context.obj
c:\users\adam\documents\git repo\skolarbete\oop_labbar\gscept-lab5\exts\debug\glew.obj
c:\users\adam\documents\git repo\skolarbete\oop_labbar\gscept-lab5\debug\libraries.lib
c:\users\adam\documents\git repo\skolarbete\oop_labbar\gscept-lab5\exts\debug\libraries.tlog\cl.command.1.tlog
c:\users\adam\documents\git repo\skolarbete\oop_labbar\gscept-lab5\exts\debug\libraries.tlog\cl.read.1.tlog
c:\users\adam\documents\git repo\skolarbete\oop_labbar\gscept-lab5\exts\debug\libraries.tlog\cl.write.1.tlog
c:\users\adam\documents\git repo\skolarbete\oop_labbar\gscept-lab5\exts\debug\libraries.tlog\lib-link.read.1.tlog
c:\users\adam\documents\git repo\skolarbete\oop_labbar\gscept-lab5\exts\debug\libraries.tlog\lib-link.write.1.tlog
c:\users\adam\documents\git repo\skolarbete\oop_labbar\gscept-lab5\exts\debug\libraries.tlog\lib.command.1.tlog
