  BreakoutBall.cpp
  assignmentapp.cc
C:\Users\Adam\Documents\GIT REPO\Skolarbete\OOP_Labbar\gscept-lab\projects\example\code\assignmentapp.cc(69,12): warning C4244: 'argument': conversion from 'time_t' to 'unsigned int', possible loss of data
  Cirkel.cpp
  main.cc
  Matrix2D.cpp
C:\Users\Adam\Documents\GIT REPO\Skolarbete\OOP_Labbar\gscept-lab\projects\example\code\Matrix2D.cpp(38,72): warning C4244: 'argument': conversion from 'double' to 'float', possible loss of data
C:\Users\Adam\Documents\GIT REPO\Skolarbete\OOP_Labbar\gscept-lab\projects\example\code\Matrix2D.cpp(38,58): warning C4244: 'argument': conversion from 'double' to 'float', possible loss of data
C:\Users\Adam\Documents\GIT REPO\Skolarbete\OOP_Labbar\gscept-lab\projects\example\code\Matrix2D.cpp(38,40): warning C4244: 'argument': conversion from 'double' to 'float', possible loss of data
C:\Users\Adam\Documents\GIT REPO\Skolarbete\OOP_Labbar\gscept-lab\projects\example\code\Matrix2D.cpp(38,29): warning C4244: 'argument': conversion from 'double' to 'float', possible loss of data
C:\Users\Adam\Documents\GIT REPO\Skolarbete\OOP_Labbar\gscept-lab\projects\example\code\Matrix2D.cpp(45,64): warning C4244: 'argument': conversion from 'double' to 'float', possible loss of data
C:\Users\Adam\Documents\GIT REPO\Skolarbete\OOP_Labbar\gscept-lab\projects\example\code\Matrix2D.cpp(45,50): warning C4244: 'argument': conversion from 'double' to 'float', possible loss of data
C:\Users\Adam\Documents\GIT REPO\Skolarbete\OOP_Labbar\gscept-lab\projects\example\code\Matrix2D.cpp(45,30): warning C4244: 'argument': conversion from 'double' to 'float', possible loss of data
C:\Users\Adam\Documents\GIT REPO\Skolarbete\OOP_Labbar\gscept-lab\projects\example\code\Matrix2D.cpp(45,19): warning C4244: 'argument': conversion from 'double' to 'float', possible loss of data
  Shape.cpp
  Square.cpp
C:\Users\Adam\Documents\GIT REPO\Skolarbete\OOP_Labbar\gscept-lab\projects\example\code\Square.cpp(10,15): warning C4244: '=': conversion from 'double' to 'float', possible loss of data
  Triangle.cpp
C:\Users\Adam\Documents\GIT REPO\Skolarbete\OOP_Labbar\gscept-lab\projects\example\code\Triangle.cpp(14,38): warning C4305: 'argument': truncation from 'double' to 'float'
  Vector2D.cpp
  Matrix2D_v2.cpp
C:\Users\Adam\Documents\GIT REPO\Skolarbete\OOP_Labbar\gscept-lab\projects\example\Matrix2D_v2.cpp(83,75): warning C4244: 'argument': conversion from 'double' to 'float', possible loss of data
C:\Users\Adam\Documents\GIT REPO\Skolarbete\OOP_Labbar\gscept-lab\projects\example\Matrix2D_v2.cpp(83,61): warning C4244: 'argument': conversion from 'double' to 'float', possible loss of data
C:\Users\Adam\Documents\GIT REPO\Skolarbete\OOP_Labbar\gscept-lab\projects\example\Matrix2D_v2.cpp(83,43): warning C4244: 'argument': conversion from 'double' to 'float', possible loss of data
C:\Users\Adam\Documents\GIT REPO\Skolarbete\OOP_Labbar\gscept-lab\projects\example\Matrix2D_v2.cpp(83,32): warning C4244: 'argument': conversion from 'double' to 'float', possible loss of data
C:\Users\Adam\Documents\GIT REPO\Skolarbete\OOP_Labbar\gscept-lab\projects\example\Matrix2D_v2.cpp(90,67): warning C4244: 'argument': conversion from 'double' to 'float', possible loss of data
C:\Users\Adam\Documents\GIT REPO\Skolarbete\OOP_Labbar\gscept-lab\projects\example\Matrix2D_v2.cpp(90,53): warning C4244: 'argument': conversion from 'double' to 'float', possible loss of data
C:\Users\Adam\Documents\GIT REPO\Skolarbete\OOP_Labbar\gscept-lab\projects\example\Matrix2D_v2.cpp(90,33): warning C4244: 'argument': conversion from 'double' to 'float', possible loss of data
C:\Users\Adam\Documents\GIT REPO\Skolarbete\OOP_Labbar\gscept-lab\projects\example\Matrix2D_v2.cpp(90,22): warning C4244: 'argument': conversion from 'double' to 'float', possible loss of data
  Player.cpp
  Vector2D_v2.cpp
  Generating Code...
C:\Users\Adam\Documents\GIT REPO\Skolarbete\OOP_Labbar\gscept-lab\projects\example\Matrix2D_v2.cpp(322): warning C4715: 'Matrix2D_v2::operator==': not all control paths return a value
C:\Users\Adam\Documents\GIT REPO\Skolarbete\OOP_Labbar\gscept-lab\projects\example\code\Matrix2D.cpp(152): warning C4715: 'Matrix2D::operator==': not all control paths return a value
  gscept-lab.vcxproj -> C:\Users\Adam\Documents\GIT REPO\Skolarbete\OOP_Labbar\gscept-lab\Debug\Assignment.exe
