c:\users\adalid-1-local\documents\doa\doa\datastrukturer och algoritmer\labb1-algo\labb1-algo\labb2-algo\debug\vc141.pdb
c:\users\adalid-1-local\documents\doa\doa\datastrukturer och algoritmer\labb1-algo\labb1-algo\labb2-algo\debug\vc141.idb
c:\users\adalid-1-local\documents\doa\doa\datastrukturer och algoritmer\labb1-algo\labb1-algo\labb2-algo\debug\main.obj
c:\users\adam\documents\git repo\do2\doa\datastrukturer och algoritmer\labb1-algo\labb1-algo\labb2-algo\debug\vc141.pdb
c:\users\adam\documents\git repo\do2\doa\datastrukturer och algoritmer\labb1-algo\labb1-algo\labb2-algo\debug\vc141.idb
c:\users\adam\documents\git repo\do2\doa\datastrukturer och algoritmer\labb1-algo\labb1-algo\labb2-algo\debug\main.obj
c:\users\adalid-1-local\documents\doa\doa\datastrukturer och algoritmer\labb1-algo\labb1-algo\debug\labb2-algo.exe
c:\users\adalid-1-local\documents\doa\doa\datastrukturer och algoritmer\labb1-algo\labb1-algo\debug\labb2-algo.ilk
c:\users\adalid-1-local\documents\doa\doa\datastrukturer och algoritmer\labb1-algo\labb1-algo\debug\labb2-algo.pdb
c:\users\adam\documents\git repo\do2\doa\datastrukturer och algoritmer\labb1-algo\labb1-algo\labb2-algo\debug\main.obj.enc
c:\users\adam\documents\git repo\do2\doa\datastrukturer och algoritmer\labb1-algo\labb1-algo\debug\labb2-algo.pdb
c:\users\adam\documents\git repo\do2\doa\datastrukturer och algoritmer\labb1-algo\labb1-algo\labb2-algo\debug\labb2-algo.tlog\cl.command.1.tlog
c:\users\adam\documents\git repo\do2\doa\datastrukturer och algoritmer\labb1-algo\labb1-algo\labb2-algo\debug\labb2-algo.tlog\cl.read.1.tlog
c:\users\adam\documents\git repo\do2\doa\datastrukturer och algoritmer\labb1-algo\labb1-algo\labb2-algo\debug\labb2-algo.tlog\cl.write.1.tlog
c:\users\adam\documents\git repo\do2\doa\datastrukturer och algoritmer\labb1-algo\labb1-algo\labb2-algo\debug\labb2-algo.tlog\link-cvtres.read.1.tlog
c:\users\adam\documents\git repo\do2\doa\datastrukturer och algoritmer\labb1-algo\labb1-algo\labb2-algo\debug\labb2-algo.tlog\link-cvtres.write.1.tlog
c:\users\adam\documents\git repo\do2\doa\datastrukturer och algoritmer\labb1-algo\labb1-algo\labb2-algo\debug\labb2-algo.tlog\link-rc.read.1.tlog
c:\users\adam\documents\git repo\do2\doa\datastrukturer och algoritmer\labb1-algo\labb1-algo\labb2-algo\debug\labb2-algo.tlog\link-rc.write.1.tlog
c:\users\adam\documents\git repo\do2\doa\datastrukturer och algoritmer\labb1-algo\labb1-algo\labb2-algo\debug\labb2-algo.tlog\link.command.1.tlog
c:\users\adam\documents\git repo\do2\doa\datastrukturer och algoritmer\labb1-algo\labb1-algo\labb2-algo\debug\labb2-algo.tlog\link.read.1.tlog
c:\users\adam\documents\git repo\do2\doa\datastrukturer och algoritmer\labb1-algo\labb1-algo\labb2-algo\debug\labb2-algo.tlog\link.write.1.tlog
