h:\c++ labb\labb1-algo\labb1-algo\debug\main.obj
h:\c++ labb\labb1-algo\labb1-algo\debug\vc110.pdb
h:\c++ labb\labb1-algo\debug\labb1-algo.pdb
c:\users\adam\documents\git repo\do2\doa\datastrukturer och algoritmer\labb1-algo\labb1-algo\labb1-algo\debug\vc141.pdb
c:\users\adam\documents\git repo\do2\doa\datastrukturer och algoritmer\labb1-algo\labb1-algo\labb1-algo\debug\vc141.idb
c:\users\adam\documents\git repo\do2\doa\datastrukturer och algoritmer\labb1-algo\labb1-algo\labb1-algo\debug\source.obj
c:\users\adam\documents\git repo\do2\doa\datastrukturer och algoritmer\labb1-algo\labb1-algo\labb1-algo\debug\main.obj
c:\users\adam\documents\git repo\do2\doa\datastrukturer och algoritmer\labb1-algo\labb1-algo\labb1-algo\debug\linkedlist.obj
c:\users\adam\documents\git repo\do2\doa\datastrukturer och algoritmer\labb1-algo\labb1-algo\labb1-algo\debug\stackll.obj
c:\users\adam\documents\git repo\do2\doa\datastrukturer och algoritmer\labb1-algo\labb1-algo\labb1-algo\debug\queuell.obj
c:\users\adam\documents\git repo\do2\doa\datastrukturer och algoritmer\labb1-algo\labb1-algo\debug\labb1-algo.exe
c:\users\adam\documents\git repo\do2\doa\datastrukturer och algoritmer\labb1-algo\labb1-algo\debug\labb1-algo.ilk
c:\users\adam\documents\git repo\do2\doa\datastrukturer och algoritmer\labb1-algo\labb1-algo\debug\labb1-algo.pdb
c:\users\adam\documents\git repo\do2\doa\datastrukturer och algoritmer\labb1-algo\labb1-algo\labb1-algo\debug\arraylinkedlist.obj
c:\users\adam\documents\git repo\do2\doa\datastrukturer och algoritmer\labb1-algo\labb1-algo\labb1-algo\debug\main.obj.enc
c:\users\adam\documents\git repo\do2\doa\datastrukturer och algoritmer\labb1-algo\labb1-algo\labb1-algo\debug\cl.command.1.tlog
c:\users\adam\documents\git repo\do2\doa\datastrukturer och algoritmer\labb1-algo\labb1-algo\labb1-algo\debug\cl.read.1.tlog
c:\users\adam\documents\git repo\do2\doa\datastrukturer och algoritmer\labb1-algo\labb1-algo\labb1-algo\debug\cl.write.1.tlog
c:\users\adam\documents\git repo\do2\doa\datastrukturer och algoritmer\labb1-algo\labb1-algo\labb1-algo\debug\link-cvtres.read.1.tlog
c:\users\adam\documents\git repo\do2\doa\datastrukturer och algoritmer\labb1-algo\labb1-algo\labb1-algo\debug\link-cvtres.write.1.tlog
c:\users\adam\documents\git repo\do2\doa\datastrukturer och algoritmer\labb1-algo\labb1-algo\labb1-algo\debug\link-rc.read.1.tlog
c:\users\adam\documents\git repo\do2\doa\datastrukturer och algoritmer\labb1-algo\labb1-algo\labb1-algo\debug\link-rc.write.1.tlog
c:\users\adam\documents\git repo\do2\doa\datastrukturer och algoritmer\labb1-algo\labb1-algo\labb1-algo\debug\link.command.1.tlog
c:\users\adam\documents\git repo\do2\doa\datastrukturer och algoritmer\labb1-algo\labb1-algo\labb1-algo\debug\link.read.1.tlog
c:\users\adam\documents\git repo\do2\doa\datastrukturer och algoritmer\labb1-algo\labb1-algo\labb1-algo\debug\link.write.1.tlog
c:\users\adam\documents\git repo\do2\doa\datastrukturer och algoritmer\labb1-algo\labb1-algo\labb1-algo\debug\vc110.idb
c:\users\adam\documents\git repo\do2\doa\datastrukturer och algoritmer\labb1-algo\labb1-algo\labb1-algo\debug\vc140.idb
c:\users\adam\documents\git repo\do2\doa\datastrukturer och algoritmer\labb1-algo\labb1-algo\labb1-algo\debug\vc110.pdb
c:\users\adam\documents\git repo\do2\doa\datastrukturer och algoritmer\labb1-algo\labb1-algo\labb1-algo\debug\vc140.pdb
c:\users\adam\documents\git repo\do2\doa\datastrukturer och algoritmer\labb1-algo\labb1-algo\labb1-algo\debug\labb1-algo.tlog\cl.command.1.tlog
c:\users\adam\documents\git repo\do2\doa\datastrukturer och algoritmer\labb1-algo\labb1-algo\labb1-algo\debug\labb1-algo.tlog\cl.read.1.tlog
c:\users\adam\documents\git repo\do2\doa\datastrukturer och algoritmer\labb1-algo\labb1-algo\labb1-algo\debug\labb1-algo.tlog\cl.write.1.tlog
c:\users\adam\documents\git repo\do2\doa\datastrukturer och algoritmer\labb1-algo\labb1-algo\labb1-algo\debug\labb1-algo.tlog\link.command.1.tlog
c:\users\adam\documents\git repo\do2\doa\datastrukturer och algoritmer\labb1-algo\labb1-algo\labb1-algo\debug\labb1-algo.tlog\link.delete.1.tlog
c:\users\adam\documents\git repo\do2\doa\datastrukturer och algoritmer\labb1-algo\labb1-algo\labb1-algo\debug\labb1-algo.tlog\link.read.1.tlog
c:\users\adam\documents\git repo\do2\doa\datastrukturer och algoritmer\labb1-algo\labb1-algo\labb1-algo\debug\labb1-algo.tlog\link.write.1.tlog
