c:\users\adam\documents\git repo\skolarbete\oop_labbar\gscept-lab5\projects\example\debug\vc142.pdb
c:\users\adam\documents\git repo\skolarbete\oop_labbar\gscept-lab5\projects\example\debug\vc142.idb
c:\users\adam\documents\git repo\skolarbete\oop_labbar\gscept-lab5\projects\example\debug\vector2d_v2.obj
c:\users\adam\documents\git repo\skolarbete\oop_labbar\gscept-lab5\projects\example\debug\matrix2d_v2.obj
c:\users\adam\documents\git repo\skolarbete\oop_labbar\gscept-lab5\projects\example\debug\vector2d.obj
c:\users\adam\documents\git repo\skolarbete\oop_labbar\gscept-lab5\projects\example\debug\triangle.obj
c:\users\adam\documents\git repo\skolarbete\oop_labbar\gscept-lab5\projects\example\debug\square.obj
c:\users\adam\documents\git repo\skolarbete\oop_labbar\gscept-lab5\projects\example\debug\shape.obj
c:\users\adam\documents\git repo\skolarbete\oop_labbar\gscept-lab5\projects\example\debug\matrix2d.obj
c:\users\adam\documents\git repo\skolarbete\oop_labbar\gscept-lab5\projects\example\debug\main.obj
c:\users\adam\documents\git repo\skolarbete\oop_labbar\gscept-lab5\projects\example\debug\cirkel.obj
c:\users\adam\documents\git repo\skolarbete\oop_labbar\gscept-lab5\projects\example\debug\assignmentapp.obj
c:\users\adam\documents\git repo\skolarbete\oop_labbar\gscept-lab5\projects\example\debug\breakoutball.obj
c:\users\adam\documents\git repo\skolarbete\oop_labbar\gscept-lab5\projects\example\debug\circle.obj
c:\users\adam\documents\git repo\skolarbete\oop_labbar\gscept-lab5\debug\assignment.exe
c:\users\adam\documents\git repo\skolarbete\oop_labbar\gscept-lab5\debug\assignment.ilk
c:\users\adam\documents\git repo\skolarbete\oop_labbar\gscept-lab5\debug\assignment.pdb
c:\users\adam\documents\git repo\skolarbete\oop_labbar\gscept-lab5\projects\example\debug\assignment.tlog\cl.command.1.tlog
c:\users\adam\documents\git repo\skolarbete\oop_labbar\gscept-lab5\projects\example\debug\assignment.tlog\cl.read.1.tlog
c:\users\adam\documents\git repo\skolarbete\oop_labbar\gscept-lab5\projects\example\debug\assignment.tlog\cl.write.1.tlog
c:\users\adam\documents\git repo\skolarbete\oop_labbar\gscept-lab5\projects\example\debug\assignment.tlog\link.command.1.tlog
c:\users\adam\documents\git repo\skolarbete\oop_labbar\gscept-lab5\projects\example\debug\assignment.tlog\link.read.1.tlog
c:\users\adam\documents\git repo\skolarbete\oop_labbar\gscept-lab5\projects\example\debug\assignment.tlog\link.write.1.tlog
