  Circle.cpp
C:\Users\Adam\Documents\GIT REPO\Skolarbete\OOP_Labbar\Labb3\gscept-lab\projects\example\code\Circle.cpp(13,25): warning C4305: 'initializing': truncation from 'double' to 'float'
  Matrix2D.cpp
C:\Users\Adam\Documents\GIT REPO\Skolarbete\OOP_Labbar\Labb3\gscept-lab\projects\example\code\Matrix2D.cpp(38,72): warning C4244: 'argument': conversion from 'double' to 'float', possible loss of data
C:\Users\Adam\Documents\GIT REPO\Skolarbete\OOP_Labbar\Labb3\gscept-lab\projects\example\code\Matrix2D.cpp(38,58): warning C4244: 'argument': conversion from 'double' to 'float', possible loss of data
C:\Users\Adam\Documents\GIT REPO\Skolarbete\OOP_Labbar\Labb3\gscept-lab\projects\example\code\Matrix2D.cpp(38,40): warning C4244: 'argument': conversion from 'double' to 'float', possible loss of data
C:\Users\Adam\Documents\GIT REPO\Skolarbete\OOP_Labbar\Labb3\gscept-lab\projects\example\code\Matrix2D.cpp(38,29): warning C4244: 'argument': conversion from 'double' to 'float', possible loss of data
C:\Users\Adam\Documents\GIT REPO\Skolarbete\OOP_Labbar\Labb3\gscept-lab\projects\example\code\Matrix2D.cpp(45,67): warning C4244: 'argument': conversion from 'double' to 'float', possible loss of data
C:\Users\Adam\Documents\GIT REPO\Skolarbete\OOP_Labbar\Labb3\gscept-lab\projects\example\code\Matrix2D.cpp(45,53): warning C4244: 'argument': conversion from 'double' to 'float', possible loss of data
C:\Users\Adam\Documents\GIT REPO\Skolarbete\OOP_Labbar\Labb3\gscept-lab\projects\example\code\Matrix2D.cpp(45,33): warning C4244: 'argument': conversion from 'double' to 'float', possible loss of data
C:\Users\Adam\Documents\GIT REPO\Skolarbete\OOP_Labbar\Labb3\gscept-lab\projects\example\code\Matrix2D.cpp(45,22): warning C4244: 'argument': conversion from 'double' to 'float', possible loss of data
  Shape.cpp
  Square.cpp
C:\Users\Adam\Documents\GIT REPO\Skolarbete\OOP_Labbar\Labb3\gscept-lab\projects\example\code\Square.cpp(9,21): warning C4244: '=': conversion from 'double' to 'float', possible loss of data
  Triangle.cpp
  Vector2D.cpp
  assignmentapp.cc
  main.cc
  Generating Code...
  gscept-lab.vcxproj -> C:\Users\Adam\Documents\GIT REPO\Skolarbete\OOP_Labbar\Labb3\gscept-lab\Debug\Assignment.exe
